<?xml version="1.0" encoding="UTF-8"?>
<testsuite xmlns:xsi="http://www.w3.org/2001/XMLSchema-instance" xsi:noNamespaceSchemaLocation="https://maven.apache.org/surefire/maven-surefire-plugin/xsd/surefire-test-report-3.0.xsd" version="3.0" name="com.example.fifth.HealthControllerTest" time="3.355" tests="1" errors="0" skipped="0" failures="0">
  <properties>
[...]
</properties>
  <testcase name="healthEndpointReturnsUp" classname="com.example.fifth.HealthControllerTest" time="0.939">
    <system-out><![CDATA[11:16:16.959 [main] INFO org.springframework.test.context.support.AnnotationConfigContextLoaderUtils -- Could not detect default configuration classes for test class [com.example.fifth.HealthControllerTest]: HealthControllerTest does not declare any static, non-private, non-final, nested classes annotated with @Configuration.
11:16:17.082 [main] INFO org.springframework.boot.test.context.SpringBootTestContextBootstrapper -- Found @SpringBootConfiguration com.example.fifth.FifthApplication for test class com.example.fifth.HealthControllerTest

  .   ____          _            __ _ _
 /\\ / ___'_ __ _ _(_)_ __  __ _ \ \ \ \
( ( )\___ | '_ | '_| | '_ \/ _` | \ \ \ \
 \\/  ___)| |_)| | | | | || (_| |  ) ) ) )
  '  |____| .__|_| |_|_| |_\__, | / / / /
 =========|_|==============|___/=/_/_/_/
 :: Spring Boot ::                (v3.2.5)

2026-01-05T11:16:17.439+01:00  INFO 20248 --- [fifth-app] [           main] com.example.fifth.HealthControllerTest   : Starting HealthControllerTest using Java 21.0.4 with PID 20248 (started by Spring in D:\Fifth\app)
2026-01-05T11:16:17.439+01:00  INFO 20248 --- [fifth-app] [           main] com.example.fifth.HealthControllerTest   : No active profile set, falling back to 1 default profile: "default"
2026-01-05T11:16:19.039+01:00  INFO 20248 --- [fifth-app] [           main] o.s.b.t.m.w.SpringBootMockServletContext : Initializing Spring TestDispatcherServlet ''
2026-01-05T11:16:19.039+01:00  INFO 20248 --- [fifth-app] [           main] o.s.t.web.servlet.TestDispatcherServlet  : Initializing Servlet ''
2026-01-05T11:16:19.052+01:00  INFO 20248 --- [fifth-app] [           main] o.s.b.a.e.web.EndpointLinksResolver      : Exposing 1 endpoint(s) beneath base path '/actuator'
2026-01-05T11:16:19.056+01:00  INFO 20248 --- [fifth-app] [           main] o.s.t.web.servlet.TestDispatcherServlet  : Completed initialization in 17 ms
2026-01-05T11:16:19.114+01:00  INFO 20248 --- [fifth-app] [           main] com.example.fifth.HealthControllerTest   : Started HealthControllerTest in 1.887 seconds (process running for 2.791)
]]></system-out>
    <system-err><![CDATA[WARNING: A Java agent has been loaded dynamically (C:\Users\Spring\.m2\repository\net\bytebuddy\byte-buddy-agent\1.14.13\byte-buddy-agent-1.14.13.jar)
WARNING: If a serviceability tool is in use, please run with -XX:+EnableDynamicAgentLoading to hide this warning
WARNING: If a serviceability tool is not in use, please run with -Djdk.instrument.traceUsage for more information
WARNING: Dynamic loading of agents will be disallowed by default in a future release
]]></system-err>
  </testcase>
</testsuite>